<?xml version="1.0" encoding="UTF-8"?>
<testsuite xmlns:xsi="http://www.w3.org/2001/XMLSchema-instance" xsi:noNamespaceSchemaLocation="https://maven.apache.org/surefire/maven-surefire-plugin/xsd/surefire-test-report-3.0.xsd" version="3.0" name="com.azure.poc.PocApplicationTests" time="23.287" tests="1" errors="0" skipped="0" failures="0">
  <properties>
[...]
</properties>
  <testcase name="contextLoads" classname="com.azure.poc.PocApplicationTests" time="4.937">
    <system-out><![CDATA[08:59:55.082 [main] INFO org.springframework.test.context.support.AnnotationConfigContextLoaderUtils -- Could not detect default configuration classes for test class [com.azure.poc.PocApplicationTests]: PocApplicationTests does not declare any static, non-private, non-final, nested classes annotated with @Configuration.
08:59:56.012 [main] INFO org.springframework.boot.test.context.SpringBootTestContextBootstrapper -- Found @SpringBootConfiguration com.azure.poc.PocApplication for test class com.azure.poc.PocApplicationTests

  .   ____          _            __ _ _
 /\\ / ___'_ __ _ _(_)_ __  __ _ \ \ \ \
( ( )\___ | '_ | '_| | '_ \/ _` | \ \ \ \
 \\/  ___)| |_)| | | | | || (_| |  ) ) ) )
  '  |____| .__|_| |_|_| |_\__, | / / / /
 =========|_|==============|___/=/_/_/_/
 :: Spring Boot ::                (v3.2.2)

2024-01-20T08:59:58.716+05:30  INFO 16596 --- [           main] com.azure.poc.PocApplicationTests        : Starting PocApplicationTests using Java 20.0.1 with PID 16596 (started by Rahul Talekar in C:\Users\Rahul Talekar\Downloads\poc)
2024-01-20T08:59:58.718+05:30  INFO 16596 --- [           main] com.azure.poc.PocApplicationTests        : No active profile set, falling back to 1 default profile: "default"
2024-01-20T09:00:11.875+05:30  INFO 16596 --- [           main] com.azure.poc.PocApplicationTests        : Started PocApplicationTests in 14.629 seconds (process running for 20.383)
]]></system-out>
  </testcase>
</testsuite>